Added Component: Designator=Q1(TO-263)
Added Component: Designator=Q2(TO-263)
Added Component: Designator=Q3(TO-263)
Added Component: Designator=Q4(TO-263)
Added Pin To Net: NetName=NetD1_1 Pin=Q1-1
Added Pin To Net: NetName=VCC Pin=Q1-2
Added Pin To Net: NetName=HS1 Pin=Q1-3
Added Pin To Net: NetName=NetD2_1 Pin=Q2-1
Added Pin To Net: NetName=HS1 Pin=Q2-2
Added Pin To Net: NetName=GND Pin=Q2-3
Added Pin To Net: NetName=NetD3_1 Pin=Q3-1
Added Pin To Net: NetName=VCC Pin=Q3-2
Added Pin To Net: NetName=HS2 Pin=Q3-3
Added Pin To Net: NetName=NetD4_1 Pin=Q4-1
Added Pin To Net: NetName=HS2 Pin=Q4-2
Added Pin To Net: NetName=GND Pin=Q4-3
Added Member To Class: ClassName=Plasma Speaker H-Bridge Member=Component Q1 IRF540
Added Member To Class: ClassName=Plasma Speaker H-Bridge Member=Component Q2 IRF540
Added Member To Class: ClassName=Plasma Speaker H-Bridge Member=Component Q3 IRF540
Added Member To Class: ClassName=Plasma Speaker H-Bridge Member=Component Q4 IRF540
